"../../../../Unreal Project 4 VERSION/Syringe/Content/Materials/Background_my_new_size_.uasset" 0
"../../../../Unreal Project 4 VERSION/Syringe/Content/Materials/Back.uasset" 1
"../../../../Unreal Project 4 VERSION/Syringe/Content/Materials/Background_my.uasset" 2
"../../../../Unreal Project 4 VERSION/Syringe/Content/Materials/BackForLevel1.uasset" 3
"../../../Engine/Content/Animation/DefaultAnimCurveCompressionSettings.uasset" 4
"../../../Engine/Content/Functions/Engine_MaterialFunctions01/Opacity/CameraDepthFade.uasset" 5
"../../../Engine/Content/EngineMaterials/T_Default_Material_Grid_M.uasset" 6
"../../../Engine/Content/EngineMaterials/T_Default_Material_Grid_N.uasset" 7
"../../../Engine/Content/EngineMaterials/WorldGridMaterial.uasset" 8
"../../../Engine/Content/ArtTools/RenderToTexture/Meshes/S_1_Unit_Plane.uasset" 9
"../../../Engine/Content/EngineMaterials/DefaultMaterial.uasset" 10
"../../../Engine/Content/BasicShapes/Cone.uasset" 11
"../../../Engine/Content/BasicShapes/Cylinder.uasset" 12
"../../../Engine/Content/BasicShapes/Plane.uasset" 13
"../../../Engine/Content/BasicShapes/Sphere.uasset" 14
"../../../Engine/Content/EditorLandscapeResources/DataLayer.uasset" 15
"../../../Engine/Content/EditorMaterials/GizmoMaterial.uasset" 16
"../../../Engine/Content/EditorMaterials/MAT_Groups_Toggle.uasset" 17
"../../../Engine/Content/EditorMaterials/MAT_Groups_Visibility.uasset" 18
"../../../Engine/Content/EditorMaterials/PreviewShadowIndicator.uasset" 19
"../../../Engine/Content/EditorMaterials/PreviewShadowIndicatorMaterial.uasset" 20
"../../../Engine/Content/EditorMaterials/MatineeGroups/MAT_ColorTrack.uasset" 21
"../../../Engine/Content/EditorMaterials/MatineeGroups/MAT_Groups_Anim.uasset" 22
"../../../Engine/Content/EditorMaterials/MatineeGroups/MAT_Groups_AudioMaster.uasset" 23
"../../../Engine/Content/EditorMaterials/MatineeGroups/MAT_Groups_Director.uasset" 24
"../../../Engine/Content/EditorMaterials/MatineeGroups/MAT_Groups_Event.uasset" 25
"../../../Engine/Content/EditorMaterials/MatineeGroups/MAT_Groups_Fade.uasset" 26
"../../../Engine/Content/EditorMaterials/MatineeGroups/MAT_Groups_Float.uasset" 27
"../../../Engine/Content/EditorMaterials/MatineeGroups/MAT_Groups_Move.uasset" 28
"../../../Engine/Content/EditorMaterials/MatineeGroups/MAT_Groups_Slomo.uasset" 29
"../../../Engine/Content/EditorMaterials/MatineeGroups/MAT_Groups_Sound.uasset" 30
"../../../Engine/Content/EditorMaterials/MatineeGroups/MAT_Groups_Vector.uasset" 31
"../../../Engine/Content/EditorMaterials/ParticleSystems/PSysThumbnail_NoImage.uasset" 32
"../../../Engine/Content/EditorMaterials/ParticleSystems/PSysThumbnail_OOD.uasset" 33
"../../../Engine/Content/EditorMaterials/Camera/CineMat.uasset" 34
"../../../Engine/Content/EditorMaterials/Camera/MI_CineMat_Rig.uasset" 35
"../../../Engine/Content/EditorMeshes/Camera/SM_CraneRig_Arm.uasset" 36
"../../../Engine/Content/EditorMeshes/Camera/SM_CraneRig_Base.uasset" 37
"../../../Engine/Content/EditorMeshes/Camera/SM_CraneRig_Body.uasset" 38
"../../../Engine/Content/EditorMeshes/Camera/SM_CraneRig_Mount.uasset" 39
"../../../Engine/Content/EditorMeshes/Camera/SM_RailRig_Mount.uasset" 40
"../../../Engine/Content/EditorMeshes/Camera/SM_RailRig_Track.uasset" 41
"../../../Engine/Content/EditorResources/BSPVertex.uasset" 42
"../../../Engine/Content/EditorResources/EmptyActor.uasset" 43
"../../../Engine/Content/EditorResources/S_Actor.uasset" 44
"../../../Engine/Content/EditorResources/S_Note.uasset" 45
"../../../Engine/Content/EditorResources/S_Solver.uasset" 46
"../../../Engine/Content/EditorResources/S_Trigger.uasset" 47
"../../../Engine/Content/EditorResources/AudioIcons/S_AudioComponent_AutoActivate.uasset" 48
"../../../Engine/Content/EditorResources/SequenceRecorder/Countdown.uasset" 49
"../../../Engine/Content/EditorResources/SequenceRecorder/RecordingIndicator.uasset" 50
"../../../Engine/Content/EditorSounds/Notifications/CompileFailed.uasset" 51
"../../../Engine/Content/EditorSounds/Notifications/CompileFailed_Cue.uasset" 52
"../../../Engine/Content/EditorSounds/Notifications/CompileSuccess.uasset" 53
"../../../Engine/Content/EditorSounds/Notifications/CompileStart_Cue.uasset" 54
"../../../Engine/Content/EditorSounds/Notifications/CompileSuccess_Cue.uasset" 55
"../../../Engine/Content/EngineDamageTypes/DmgTypeBP_Environmental.uasset" 56
"../../../Engine/Content/EngineDebugMaterials/HeatmapGradient.uasset" 57
"../../../Engine/Content/EngineDebugMaterials/BoneWeightMaterial.uasset" 58
"../../../Engine/Content/EngineDebugMaterials/ClothMaterial.uasset" 59
"../../../Engine/Content/EngineDebugMaterials/ClothMaterial_WF.uasset" 60
"../../../Engine/Content/EngineDebugMaterials/DebugEditorMaterial.uasset" 61
"../../../Engine/Content/EngineDebugMaterials/DebugMeshMaterial.uasset" 62
"../../../Engine/Content/EngineDebugMaterials/GeomMaterial.uasset" 63
"../../../Engine/Content/EngineDebugMaterials/M_SimpleTranslucent.uasset" 64
"../../../Engine/Content/Functions/Engine_MaterialFunctions02/Utility/CameraDirectionVector.uasset" 65
"../../../Engine/Content/EngineDebugMaterials/VolumeToRender.uasset" 66
"../../../Engine/Content/EngineDebugMaterials/M_VolumeRenderSphereTracePP.uasset" 67
"../../../Engine/Content/EngineDebugMaterials/WireframeMaterial.uasset" 68
"../../../Engine/Content/EngineFonts/Faces/RobotoBold.uasset" 69
"../../../Engine/Content/EngineFonts/Faces/RobotoBoldItalic.uasset" 70
"../../../Engine/Content/EngineFonts/Faces/RobotoItalic.uasset" 71
"../../../Engine/Content/EngineFonts/Faces/RobotoLight.uasset" 72
"../../../Engine/Content/EngineFonts/Faces/RobotoRegular.uasset" 73
"../../../Engine/Content/EngineFonts/Roboto.uasset" 74
"../../../Engine/Content/EngineMaterials/BaseFlattenDiffuseMap.uasset" 75
"../../../Engine/Content/EngineMaterials/BaseFlattenEmissiveMap.uasset" 76
"../../../Engine/Content/EngineMaterials/BaseFlattenGrayscaleMap.uasset" 77
"../../../Engine/Content/EngineMaterials/BaseFlattenNormalMap.uasset" 78
"../../../Engine/Content/EngineMaterials/BaseFlattenMaterial.uasset" 79
"../../../Engine/Content/EngineMaterials/BlueNoise.uasset" 80
"../../../Engine/Content/EngineMaterials/DefaultBloomKernel.uasset" 81
"../../../Engine/Content/EngineMaterials/DefaultBokeh.uasset" 82
"../../../Engine/Content/EngineMaterials/DefaultDiffuse.uasset" 83
"../../../Engine/Content/EngineMaterials/DefaultDeferredDecalMaterial.uasset" 84
"../../../Engine/Content/EngineMaterials/DefaultLightFunctionMaterial.uasset" 85
"../../../Engine/Content/EngineMaterials/DefaultPhysicalMaterial.uasset" 86
"../../../Engine/Content/Functions/Engine_MaterialFunctions02/Utility/BreakOutFloat2Components.uasset" 87
"../../../Engine/Content/EngineMaterials/DefaultPostProcessMaterial.uasset" 88
"../../../Engine/Content/EngineFonts/RobotoDistanceField.uasset" 89
"../../../Engine/Content/EngineMaterials/DefaultTextMaterialOpaque.uasset" 90
"../../../Engine/Content/EngineMaterials/DefaultVirtualTextureMaterial.uasset" 91
"../../../Engine/Content/EngineMaterials/DefaultWhiteGrid.uasset" 92
"../../../Engine/Content/EngineMaterials/EditorBrushMaterial.uasset" 93
"../../../Engine/Content/EngineMaterials/DefaultWhiteGrid_Low.uasset" 94
"../../../Engine/Content/EngineMaterials/EmissiveMeshMaterial.uasset" 95
"../../../Engine/Content/EngineMaterials/Good64x64TilingNoiseHighFreq.uasset" 96
"../../../Engine/Content/EngineMaterials/MiniFont.uasset" 97
"../../../Engine/Content/EngineMaterials/InvalidLightmapSettings.uasset" 98
"../../../Engine/Content/EngineMaterials/M_InvalidLightmapSettings.uasset" 99
"../../../Engine/Content/Functions/Engine_MaterialFunctions02/WorldPositionOffset/CameraOffset.uasset" 100
"../../../Engine/Content/EngineMaterials/PhAT_JointLimitMaterial.uasset" 101
"../../../Engine/Content/EngineMaterials/PreintegratedSkinBRDF.uasset" 102
"../../../Engine/Content/EngineMaterials/RemoveSurfaceMaterial.uasset" 103
"../../../Engine/Content/EngineMaterials/WeightMapPlaceholderTexture.uasset" 104
"../../../Engine/Content/EngineResources/WhiteSquareTexture.uasset" 105
"../../../Engine/Content/EngineMaterials/Widget3DPassThrough.uasset" 106
"../../../Engine/Content/EngineMaterials/Widget3DPassThrough_Masked.uasset" 107
"../../../Engine/Content/EngineMaterials/Widget3DPassThrough_Opaque.uasset" 108
"../../../Engine/Content/EngineMaterials/Widget3DPassThrough_Masked_OneSided.uasset" 109
"../../../Engine/Content/EngineMaterials/Widget3DPassThrough_Opaque_OneSided.uasset" 110
"../../../Engine/Content/EngineMaterials/Widget3DPassThrough_Translucent.uasset" 111
"../../../Engine/Content/EngineMaterials/Widget3DPassThrough_Translucent_OneSided.uasset" 112
"../../../Engine/Content/EngineMeshes/Cylinder.uasset" 113
"../../../Engine/Content/EngineMeshes/Sphere.uasset" 114
"../../../Engine/Content/EngineResources/Black.uasset" 115
"../../../Engine/Content/EngineResources/DefaultTexture.uasset" 116
"../../../Engine/Content/EngineResources/DefaultTextureCube.uasset" 117
"../../../Engine/Content/EngineResources/DefaultVolumeTexture2D.uasset" 118
"../../../Engine/Content/EngineResources/DefaultVolumeTexture.uasset" 119
"../../../Engine/Content/EngineResources/GradientTexture0.uasset" 120
"../../../Engine/Content/EngineSounds/Master.uasset" 121
"../../../Engine/Content/Functions/Engine_MaterialFunctions01/Shading/ConvertFromDiffSpec.uasset" 122
"../../../Engine/Content/Functions/Engine_MaterialFunctions01/Shading/PowerToRoughness.uasset" 123
"../../../Engine/Content/Maps/Templates/Thumbnails/Default.uasset" 124
"../../../Engine/Content/Maps/Templates/Thumbnails/VR-Basic.uasset" 125
"../../../Engine/Content/MobileResources/T_MobileControls_texture.uasset" 126
"../../../Engine/Content/MobileResources/T_MobileMenu2.uasset" 127
"../../../Engine/Content/MobileResources/HUD/AnalogHat.uasset" 128
"../../../Engine/Content/MobileResources/HUD/VirtualJoystick_Background.uasset" 129
"../../../Engine/Content/MobileResources/HUD/VirtualJoystick_Thumb.uasset" 130
"../../../Engine/Content/MobileResources/HUD/DefaultVirtualJoysticks.uasset" 131
"../../../Engine/Content/MobileResources/HUD/LeftVirtualJoystickOnly.uasset" 132
"../../../Engine/Content/MobileResources/HUD/MobileHUDButton1_off.uasset" 133
"../../../Engine/Content/MobileResources/HUD/MobileHUDButton1_on.uasset" 134
"../../../Engine/Content/MobileResources/HUD/MobileHUDButton2_off.uasset" 135
"../../../Engine/Content/MobileResources/HUD/MobileHUDButton2_on.uasset" 136
"../../../Engine/Content/MobileResources/HUD/MobileHUDButton3.uasset" 137
"../../../Engine/Content/MobileResources/HUD/MobileHUDButtonFire.uasset" 138
"../../../Engine/Content/MobileResources/HUD/MobileHUDDirectionPad.uasset" 139
"../../../Engine/Content/MobileResources/HUD/MobileHUDDirectionPad2.uasset" 140
"../../../Engine/Content/MobileResources/HUD/MobileHUDDirectionPad3.uasset" 141
"../../../Engine/Content/MobileResources/HUD/MobileHUDDirectionStick.uasset" 142
"../../../Engine/Content/MobileResources/HUD/T_Castle_ThumbstickInner.uasset" 143
"../../../Engine/Content/MobileResources/HUD/T_Castle_ThumbstickOutter.uasset" 144
"../../../Engine/Content/Tutorial/ContentIntroCurve.uasset" 145
"../../../Engine/Content/Tutorial/Basics/LevelEditorAttract.uasset" 146
"../../../Engine/Content/Tutorial/Basics/TutorialAssets/icon_tab_Levels_40x.uasset" 147
"../../../Engine/Content/Tutorial/Basics/LevelEditorOverview.uasset" 148
"../../../Engine/Content/Tutorial/BlueprintTutorials/TutorialAssets/Blueprint_64x.uasset" 149
"../../../Engine/Content/Tutorial/BlueprintTutorials/BlueprintEditorTutorial.uasset" 150
"../../../Engine/Content/Tutorial/Installation/InstallingVisualStudioTutorial.uasset" 151
"../../../Engine/Content/Tutorial/InWorldBlueprintEditing/IWBE_Tutorial.uasset" 152
"../../../Engine/Content/Tutorial/InWorldBlueprintEditing/IWBE_Tutorial_Part2.uasset" 153
"../../../Engine/Content/Tutorial/InWorldBlueprintEditing/IWBE_Tutorial_Part3.uasset" 154
"../../../Engine/Content/Tutorial/SubEditors/MaterialEditorTutorial.uasset" 155
"../../../Engine/Content/Tutorial/SubEditors/TutorialAssets/TutorialMaterial.uasset" 156
"../../../Engine/Content/VREditor/LaserPointer/VR_LaserPower_01.uasset" 157
"../../../Engine/Content/VREditor/TransformGizmo/TransformGizmoMaterial.uasset" 158
"../../../Engine/Content/VREditor/TransformGizmo/TranslucentTransformGizmoMaterial.uasset" 159
"../../../Engine/Content/VREditor/TransformGizmo/BoundingBoxCorner.uasset" 160
"../../../Engine/Content/VREditor/TransformGizmo/BoundingBoxEdge.uasset" 161
"../../../Engine/Content/VREditor/TransformGizmo/PlaneTranslationHandle.uasset" 162
"../../../Engine/Content/VREditor/TransformGizmo/Main.uasset" 163
"../../../Engine/Content/VREditor/TransformGizmo/Xray.uasset" 164
"../../../Engine/Content/VREditor/TransformGizmo/SM_Sequencer_Key.uasset" 165
"../../../Engine/Content/VREditor/TransformGizmo/SM_Sequencer_Node.uasset" 166
"../../Plugins/2D/Paper2D/Content/PlaceholderTextures/DummySpriteTexture.uasset" 167
"../../Plugins/2D/Paper2D/Content/DummySprite.uasset" 168
"../../Plugins/2D/Paper2D/Content/DefaultPaperTerrainMaterial.uasset" 169
"../../Plugins/2D/Paper2D/Content/DummySpriteTexture.uasset" 170
"../../Plugins/2D/Paper2D/Content/DefaultSpriteMaterial.uasset" 171
"../../Plugins/2D/Paper2D/Content/MaskedUnlitSpriteMaterial.uasset" 172
"../../Plugins/2D/Paper2D/Content/OpaqueUnlitSpriteMaterial.uasset" 173
"../../Plugins/Runtime/Oculus/OculusVR/Content/OculusMR_RenderTarget.uasset" 174
"../../../Engine/Content/Functions/Engine_MaterialFunctions02/Utility/BreakOutFloat4Components.uasset" 175
"../../../Engine/Content/Functions/Engine_MaterialFunctions02/Utility/MakeFloat2.uasset" 176
"../../../Engine/Content/Functions/Engine_MaterialFunctions02/Utility/MakeFloat3.uasset" 177
"../../Plugins/Runtime/Oculus/OculusVR/Content/Materials/OculusMR_ChromaKey.uasset" 178
"../../Plugins/Runtime/Oculus/OculusVR/Content/Materials/OculusMR_ChromaKey_Lit.uasset" 179
"../../Plugins/Runtime/Oculus/OculusVR/Content/Materials/OculusMR_OpaqueColoredMaterial.uasset" 180
"../../Plugins/Runtime/Oculus/OculusVR/Content/Materials/OculusMR_WhiteMaterial.uasset" 181
"../../../Engine/Content/EditorBlueprintResources/StandardMacros.uasset" 182
"../../Plugins/2D/Paper2D/Content/TranslucentUnlitSpriteMaterial.uasset" 183
"../../../../Unreal Project 4 VERSION/Syringe/Content/Assets/Player.uasset" 184
"../../../../Unreal Project 4 VERSION/Syringe/Content/Assets/Syringe.uasset" 185
"../../../Engine/Content/EngineFonts/Faces/DroidSansMono.uasset" 186
"../../../Engine/Content/EngineFonts/DroidSansMono.uasset" 187
"../../../../Unreal Project 4 VERSION/Syringe/Content/Sounds/zvukblue.uasset" 188
"../../../../Unreal Project 4 VERSION/Syringe/Content/Sounds/zvukblue_Cue.uasset" 189
"../../../../Unreal Project 4 VERSION/Syringe/Content/Interface/GameOver_WB.uasset" 190
"../../../../Unreal Project 4 VERSION/Syringe/Content/Interface/Score_WB.uasset" 191
"../../../../Unreal Project 4 VERSION/Syringe/Content/Blueprints/HeroPaper_BP.uasset" 192
"../../../../Unreal Project 4 VERSION/Syringe/Content/Assets/Obstacle_My.uasset" 193
"../../../../Unreal Project 4 VERSION/Syringe/Content/Assets/Virus_Blue.uasset" 194
"../../../../Unreal Project 4 VERSION/Syringe/Content/Sounds/GameOver.uasset" 195
"../../../../Unreal Project 4 VERSION/Syringe/Content/Sounds/GameOver_Cue.uasset" 196
"../../../../Unreal Project 4 VERSION/Syringe/Content/Blueprints/Enemy/VirusBlue_BP.uasset" 197
"../../../Engine/Content/BasicShapes/BasicShapeMaterial.uasset" 198
"../../../Engine/Content/BasicShapes/Cube.uasset" 199
"../../../../Unreal Project 4 VERSION/Syringe/Content/Blueprints/Enemy/VirusBlueSpawn_BP.uasset" 200
"../../../../Unreal Project 4 VERSION/Syringe/Content/Assets/Obstacle.uasset" 201
"../../../../Unreal Project 4 VERSION/Syringe/Content/Assets/Virus_Green.uasset" 202
"../../../../Unreal Project 4 VERSION/Syringe/Content/Sounds/zvukgreen.uasset" 203
"../../../../Unreal Project 4 VERSION/Syringe/Content/Sounds/zvukgreen_Cue.uasset" 204
"../../../../Unreal Project 4 VERSION/Syringe/Content/Blueprints/Enemy/VirusGreen_BP.uasset" 205
"../../../../Unreal Project 4 VERSION/Syringe/Content/Blueprints/Enemy/VirusGreenSpawn_BP.uasset" 206
"../../../../Unreal Project 4 VERSION/Syringe/Content/Assets/Obstacle_Red.uasset" 207
"../../../../Unreal Project 4 VERSION/Syringe/Content/Assets/Virus_Red.uasset" 208
"../../../../Unreal Project 4 VERSION/Syringe/Content/Sounds/zvuk.uasset" 209
"../../../../Unreal Project 4 VERSION/Syringe/Content/Sounds/zvuk_Cue.uasset" 210
"../../../../Unreal Project 4 VERSION/Syringe/Content/Blueprints/Enemy/VirusRed_BP.uasset" 211
"../../../../Unreal Project 4 VERSION/Syringe/Content/Blueprints/Enemy/VirusRedSpawn_BP.uasset" 212
"../../../../Unreal Project 4 VERSION/Syringe/Content/Blueprints/GM_Endless.uasset" 213
"../../../../Unreal Project 4 VERSION/Syringe/Content/Materials/Square.uasset" 214
"../../../../Unreal Project 4 VERSION/Syringe/Content/Materials/Square_Mat.uasset" 215
"../../../../Unreal Project 4 VERSION/Syringe/Content/Sounds/Background.uasset" 216
"../../../../Unreal Project 4 VERSION/Syringe/Content/Sounds/Background_Cue.uasset" 217
"../../../../Unreal Project 4 VERSION/Syringe/Content/Maps/Map-Level1.umap" 218
"../../../Engine/Content/Maps/Entry_BuiltData.uasset" 219
"../../../Engine/Content/Maps/Entry.umap" 220
